<?xml version="1.0" encoding="UTF-8"?>
<!-- Generated by org.testng.reporters.JUnitReportReporter -->
<testsuite skipped="0" hostname="DESKTOP-E6N9TK3" name="com.nopcommerce.wishlist.TC_02_Add_To_Cart" tests="1" failures="0" timestamp="02 Nov 2021 10:46:06 GMT" time="10.996" errors="0">
  <testcase name="Add_To_Cart_01" time="10.996" classname="com.nopcommerce.wishlist.TC_02_Add_To_Cart"/>
</testsuite> <!-- com.nopcommerce.wishlist.TC_02_Add_To_Cart -->
