<?xml version="1.0" encoding="UTF-8"?>
<!-- Generated by org.testng.reporters.JUnitReportReporter -->
<testsuite skipped="0" hostname="DESKTOP-E6N9TK3" name="com.nopcommerce.myaccount.TC_03_Change_Password" tests="1" failures="0" timestamp="02 Nov 2021 10:46:06 GMT" time="12.619" errors="0">
  <testcase name="Change_Password_01" time="12.619" classname="com.nopcommerce.myaccount.TC_03_Change_Password"/>
</testsuite> <!-- com.nopcommerce.myaccount.TC_03_Change_Password -->
