<?xml version="1.0" encoding="UTF-8"?>
<!-- Generated by org.testng.reporters.JUnitReportReporter -->
<testsuite skipped="0" hostname="DESKTOP-E6N9TK3" name="com.nopcommerce.wishlist.TC_05_Recently_Viewed_Product" tests="1" failures="0" timestamp="02 Nov 2021 10:46:06 GMT" time="14.890" errors="0">
  <testcase name="Add_To_Cart_01" time="14.890" classname="com.nopcommerce.wishlist.TC_05_Recently_Viewed_Product"/>
</testsuite> <!-- com.nopcommerce.wishlist.TC_05_Recently_Viewed_Product -->
