<?xml version="1.0" encoding="UTF-8"?>
<!-- Generated by org.testng.reporters.JUnitReportReporter -->
<testsuite skipped="0" hostname="DESKTOP-E6N9TK3" name="com.nopcommerce.order.TC_05_Checkout_Order_Payment_Method_Card" tests="1" failures="0" timestamp="02 Nov 2021 10:46:06 GMT" time="92.552" errors="0">
  <testcase name="TC_01_Checkout_Order_Method_Card" time="92.552" classname="com.nopcommerce.order.TC_05_Checkout_Order_Payment_Method_Card"/>
</testsuite> <!-- com.nopcommerce.order.TC_05_Checkout_Order_Payment_Method_Card -->
