<?xml version="1.0" encoding="UTF-8"?>
<!-- Generated by org.testng.reporters.JUnitReportReporter -->
<testsuite skipped="0" hostname="DESKTOP-E6N9TK3" name="com.nopcommerce.register.TC_01_Register" tests="6" failures="0" timestamp="02 Nov 2021 10:46:06 GMT" time="10.670" errors="0">
  <testcase name="Register_04_Exist_Email" time="1.046" classname="com.nopcommerce.register.TC_01_Register"/>
  <testcase name="Register_02_Invalid_Email" time="1.070" classname="com.nopcommerce.register.TC_01_Register"/>
  <testcase name="Register_05_InValid_Password" time="0.821" classname="com.nopcommerce.register.TC_01_Register"/>
  <testcase name="Register_01_Empty_Data" time="1.084" classname="com.nopcommerce.register.TC_01_Register"/>
  <testcase name="Register_03_Valid_Infomation" time="5.759" classname="com.nopcommerce.register.TC_01_Register"/>
  <testcase name="Register_06_Not_Match_Password" time="0.890" classname="com.nopcommerce.register.TC_01_Register"/>
</testsuite> <!-- com.nopcommerce.register.TC_01_Register -->
