<?xml version="1.0" encoding="UTF-8"?>
<!-- Generated by org.testng.reporters.JUnitReportReporter -->
<testsuite skipped="0" hostname="DESKTOP-E6N9TK3" name="com.nopcommerce.wishlist.TC_03_Remove_Product" tests="1" failures="0" timestamp="02 Nov 2021 10:46:06 GMT" time="77.742" errors="0">
  <testcase name="Remove_Product_01" time="77.742" classname="com.nopcommerce.wishlist.TC_03_Remove_Product"/>
</testsuite> <!-- com.nopcommerce.wishlist.TC_03_Remove_Product -->
