<?xml version="1.0" encoding="UTF-8"?>
<!-- Generated by org.testng.reporters.JUnitReportReporter -->
<testsuite skipped="0" hostname="DESKTOP-E6N9TK3" name="com.nopcommerce.myaccount.TC_02_Add_Addresses" tests="1" failures="0" timestamp="02 Nov 2021 10:46:06 GMT" time="10.139" errors="0">
  <testcase name="My_Account_02_Addresses" time="10.139" classname="com.nopcommerce.myaccount.TC_02_Add_Addresses"/>
</testsuite> <!-- com.nopcommerce.myaccount.TC_02_Add_Addresses -->
