<?xml version="1.0" encoding="UTF-8"?>
<!-- Generated by org.testng.reporters.JUnitReportReporter -->
<testsuite skipped="0" hostname="DESKTOP-E6N9TK3" name="com.nopcommerce.admin.TC_01_Catalog_Products" tests="6" failures="0" timestamp="02 Nov 2021 10:46:06 GMT" time="40.335" errors="0">
  <testcase name="TC_06_Go_product_SKU" time="9.894" classname="com.nopcommerce.admin.TC_01_Catalog_Products"/>
  <testcase name="TC_03_Search_With_Product_Name_ParentsCatalogue_Checked" time="5.892" classname="com.nopcommerce.admin.TC_01_Catalog_Products"/>
  <testcase name="TC_01_Search_With_Product_Name" time="4.045" classname="com.nopcommerce.admin.TC_01_Catalog_Products"/>
  <testcase name="TC_02_Search_With_Product_Name_ParentsCatalogue_Unchecked" time="5.844" classname="com.nopcommerce.admin.TC_01_Catalog_Products"/>
  <testcase name="TC_04_Search_With_Product_Name_ChildCatalogue" time="7.298" classname="com.nopcommerce.admin.TC_01_Catalog_Products"/>
  <testcase name="TC_05_Search_With_Product_Name_Manufacturer" time="7.362" classname="com.nopcommerce.admin.TC_01_Catalog_Products"/>
</testsuite> <!-- com.nopcommerce.admin.TC_01_Catalog_Products -->
