<?xml version="1.0" encoding="UTF-8"?>
<!-- Generated by org.testng.reporters.JUnitReportReporter -->
<testsuite skipped="0" hostname="DESKTOP-E6N9TK3" name="com.nopcommerce.wishlist.TC_01_Add_To_Wishlist" tests="1" failures="0" timestamp="02 Nov 2021 10:46:06 GMT" time="8.837" errors="0">
  <testcase name="Wishlist_01_Add_To_Wishlist" time="8.837" classname="com.nopcommerce.wishlist.TC_01_Add_To_Wishlist"/>
</testsuite> <!-- com.nopcommerce.wishlist.TC_01_Add_To_Wishlist -->
