<?xml version="1.0" encoding="UTF-8"?>
<!-- Generated by org.testng.reporters.JUnitReportReporter -->
<testsuite skipped="0" hostname="DESKTOP-E6N9TK3" name="com.nopcommerce.order.TC_01_Add_Product_To_Cart" tests="3" failures="0" timestamp="02 Nov 2021 10:46:06 GMT" time="97.405" errors="0">
  <testcase name="TC_02_Edit_Product_To_Cart" time="22.436" classname="com.nopcommerce.order.TC_01_Add_Product_To_Cart"/>
  <testcase name="TC_03_Remove_from_Cart" time="67.965" classname="com.nopcommerce.order.TC_01_Add_Product_To_Cart"/>
  <testcase name="TC_01_Add_Product_To_Cart" time="7.004" classname="com.nopcommerce.order.TC_01_Add_Product_To_Cart"/>
</testsuite> <!-- com.nopcommerce.order.TC_01_Add_Product_To_Cart -->
