<?xml version="1.0" encoding="UTF-8"?>
<!-- Generated by org.testng.reporters.JUnitReportReporter -->
<testsuite skipped="0" hostname="DESKTOP-E6N9TK3" name="com.nopcommerce.wishlist.TC_04_Add_To_Compare" tests="1" failures="0" timestamp="02 Nov 2021 10:46:06 GMT" time="262.886" errors="0">
  <testcase name="Add_To_Compare_01" time="262.886" classname="com.nopcommerce.wishlist.TC_04_Add_To_Compare"/>
</testsuite> <!-- com.nopcommerce.wishlist.TC_04_Add_To_Compare -->
