<?xml version="1.0" encoding="UTF-8"?>
<!-- Generated by org.testng.reporters.JUnitReportReporter -->
<testsuite skipped="0" hostname="DESKTOP-E6N9TK3" name="com.nopcommerce.order.TC_02_Update_Shopping_Cart" tests="1" failures="0" timestamp="02 Nov 2021 10:46:06 GMT" time="13.691" errors="0">
  <testcase name="TC_01_Update_Shopping_Cart" time="13.691" classname="com.nopcommerce.order.TC_02_Update_Shopping_Cart"/>
</testsuite> <!-- com.nopcommerce.order.TC_02_Update_Shopping_Cart -->
