<?xml version="1.0" encoding="UTF-8"?>
<!-- Generated by org.testng.reporters.JUnitReportReporter -->
<testsuite skipped="0" hostname="DESKTOP-E6N9TK3" name="com.nopcommerce.myaccount.TC_01_Customer_Info" tests="1" failures="0" timestamp="02 Nov 2021 10:46:06 GMT" time="9.237" errors="0">
  <testcase name="My_Account_01_Customer_Info" time="9.237" classname="com.nopcommerce.myaccount.TC_01_Customer_Info"/>
</testsuite> <!-- com.nopcommerce.myaccount.TC_01_Customer_Info -->
